0 info it worked if it ends with ok
1 verbose cli [ 'C:\\Program Files (x86)\\nodejs\\\\node.exe',
1 verbose cli   'C:\\Program Files (x86)\\nodejs\\node_modules\\npm\\bin\\npm-cli.js',
1 verbose cli   'install',
1 verbose cli   '-g',
1 verbose cli   'ino' ]
2 info using npm@1.3.11
3 info using node@v0.10.20
4 verbose node symlink C:\Program Files (x86)\nodejs\\node.exe
5 verbose cache add [ 'ino', null ]
6 verbose cache add name=undefined spec="ino" args=["ino",null]
7 verbose parsed url { protocol: null,
7 verbose parsed url   slashes: null,
7 verbose parsed url   auth: null,
7 verbose parsed url   host: null,
7 verbose parsed url   port: null,
7 verbose parsed url   hostname: null,
7 verbose parsed url   hash: null,
7 verbose parsed url   search: null,
7 verbose parsed url   query: null,
7 verbose parsed url   pathname: 'ino',
7 verbose parsed url   path: 'ino',
7 verbose parsed url   href: 'ino' }
8 silly lockFile f7dc43fb-ino ino
9 verbose lock ino C:\Users\Kelsey\AppData\Roaming\npm-cache\f7dc43fb-ino.lock
10 silly lockFile f7dc43fb-ino ino
11 silly lockFile f7dc43fb-ino ino
12 verbose addNamed [ 'ino', '' ]
13 verbose addNamed [ null, '*' ]
14 silly lockFile a978b63b-ino ino@
15 verbose lock ino@ C:\Users\Kelsey\AppData\Roaming\npm-cache\a978b63b-ino.lock
16 silly addNameRange { name: 'ino', range: '*', hasData: false }
17 verbose url raw ino
18 verbose url resolving [ 'https://registry.npmjs.org/', './ino' ]
19 verbose url resolved https://registry.npmjs.org/ino
20 info trying registry request attempt 1 at 15:08:54
21 http GET https://registry.npmjs.org/ino
22 http 404 https://registry.npmjs.org/ino
23 silly registry.get cb [ 404,
23 silly registry.get   { date: 'Wed, 26 Nov 2014 21:08:58 GMT',
23 silly registry.get     server: 'CouchDB/1.5.0 (Erlang OTP/R16B03)',
23 silly registry.get     'content-type': 'application/json',
23 silly registry.get     'cache-control': 'max-age=0',
23 silly registry.get     'content-length': '52',
23 silly registry.get     'accept-ranges': 'bytes',
23 silly registry.get     via: '1.1 varnish',
23 silly registry.get     age: '0',
23 silly registry.get     'x-served-by': 'cache-dfw1823-DFW',
23 silly registry.get     'x-cache': 'MISS',
23 silly registry.get     'x-cache-hits': '0',
23 silly registry.get     'x-timer': 'S1417036138.154201,VS0,VE61',
23 silly registry.get     'keep-alive': 'timeout=10, max=50',
23 silly registry.get     connection: 'Keep-Alive' } ]
24 silly lockFile a978b63b-ino ino@
25 silly lockFile a978b63b-ino ino@
26 error 404 'ino' is not in the npm registry.
26 error 404 You should bug the author to publish it
26 error 404
26 error 404 Note that you can also install from a
26 error 404 tarball, folder, or http url, or git url.
27 error System Windows_NT 6.1.7601
28 error command "C:\\Program Files (x86)\\nodejs\\\\node.exe" "C:\\Program Files (x86)\\nodejs\\node_modules\\npm\\bin\\npm-cli.js" "install" "-g" "ino"
29 error cwd C:\Users\Kelsey\Development\Arduibq\app
30 error node -v v0.10.20
31 error npm -v 1.3.11
32 error code E404
33 verbose exit [ 1, true ]
